<?xml version="1.0" encoding="utf-8"?><testsuites name="pytest tests"><testsuite name="pytest" errors="0" failures="0" skipped="0" tests="21" time="2.716" timestamp="2026-06-23T01:30:29.327428+00:00" hostname="agent-env-ce30d2f6-473c-4e7a-8c6e-716fd81bb8f4"><testcase classname="backend.tests.backend_test" name="test_health" time="0.114" /><testcase classname="backend.tests.backend_test.TestAuth" name="test_login_admin" time="0.270" /><testcase classname="backend.tests.backend_test.TestAuth" name="test_login_invalid" time="0.266" /><testcase classname="backend.tests.backend_test.TestAuth" name="test_signup_creates_reviewer" time="0.267" /><testcase classname="backend.tests.backend_test.TestAuth" name="test_signup_duplicate_rejected" time="0.321" /><testcase classname="backend.tests.backend_test.TestAuth" name="test_auth_me" time="0.318" /><testcase classname="backend.tests.backend_test.TestAuthProtection" name="test_invoices_requires_auth" time="0.100" /><testcase classname="backend.tests.backend_test.TestAuthProtection" name="test_stats_requires_auth" time="0.101" /><testcase classname="backend.tests.backend_test.TestInvoiceProcessing" name="test_approved_path" time="0.180" /><testcase classname="backend.tests.backend_test.TestInvoiceProcessing" name="test_high_amount_human_review" time="0.000" /><testcase classname="backend.tests.backend_test.TestInvoiceProcessing" name="test_missing_field_human_review" time="0.000" /><testcase classname="backend.tests.backend_test.TestInvoiceProcessing" name="test_duplicate_rejected" time="0.046" /><testcase classname="backend.tests.backend_test.TestInvoiceCRUD" name="test_list_all" time="0.044" /><testcase classname="backend.tests.backend_test.TestInvoiceCRUD" name="test_list_status_filter" time="0.052" /><testcase classname="backend.tests.backend_test.TestInvoiceCRUD" name="test_list_search_filter" time="0.045" /><testcase classname="backend.tests.backend_test.TestInvoiceCRUD" name="test_get_invoice_detail" time="0.050" /><testcase classname="backend.tests.backend_test.TestInvoiceCRUD" name="test_edit_invoice_writes_audit" time="0.139" /><testcase classname="backend.tests.backend_test.TestInvoiceCRUD" name="test_approve_writes_audit" time="0.134" /><testcase classname="backend.tests.backend_test.TestInvoiceCRUD" name="test_reject_writes_audit" time="0.092" /><testcase classname="backend.tests.backend_test.TestInvoiceCRUD" name="test_audit_trail_order" time="0.045" /><testcase classname="backend.tests.backend_test.TestDashboard" name="test_stats_shape" time="0.062" /></testsuite></testsuites>